Using pre-set license
Built from '2020.3/staging' branch; Version is '2020.3.11f1 (99c7afb366b3) revision 10078127'; Using compiler version '192528614'; Build Type 'Release'
OS: 'Windows 10 Home Single Language; OS build 19042.1052; Version 2009; 64bit' Language: 'en' Physical Memory: 16266 MB
BatchMode: 1, IsHumanControllingUs: 0, StartBugReporterOnCrash: 0, Is64bit: 1, IsPro: 0

 COMMAND LINE ARGUMENTS:
C:\Program Files\Unity\Hub\Editor\2020.3.11f1\Editor\Unity.exe
-adb2
-batchMode
-noUpm
-name
AssetImportWorker0
-projectPath
D:/school/y3_s3/game_cs427/CS427-GameDev/CS427_project2D
-logFile
Logs/AssetImportWorker0.log
-srvPort
63781
Successfully changed project path to: D:/school/y3_s3/game_cs427/CS427-GameDev/CS427_project2D
D:/school/y3_s3/game_cs427/CS427-GameDev/CS427_project2D
Using Asset Import Pipeline V2.
Refreshing native plugins compatible for Editor in 52.87 ms, found 3 plugins.
Preloading 0 native plugins for Editor in 0.00 ms.
Initialize engine version: 2020.3.11f1 (99c7afb366b3)
[Subsystems] Discovering subsystems at path C:/Program Files/Unity/Hub/Editor/2020.3.11f1/Editor/Data/Resources/UnitySubsystems
[Subsystems] Discovering subsystems at path D:/school/y3_s3/game_cs427/CS427-GameDev/CS427_project2D/Assets
GfxDevice: creating device client; threaded=0
Direct3D:
    Version:  Direct3D 11.0 [level 11.1]
    Renderer: NVIDIA GeForce GTX 1050 (ID=0x1c8d)
    Vendor:   
    VRAM:     1979 MB
    Driver:   27.21.14.5167
Initialize mono
Mono path[0] = 'C:/Program Files/Unity/Hub/Editor/2020.3.11f1/Editor/Data/Managed'
Mono path[1] = 'C:/Program Files/Unity/Hub/Editor/2020.3.11f1/Editor/Data/MonoBleedingEdge/lib/mono/unityjit'
Mono config path = 'C:/Program Files/Unity/Hub/Editor/2020.3.11f1/Editor/Data/MonoBleedingEdge/etc'
Using monoOptions --debugger-agent=transport=dt_socket,embedding=1,server=y,suspend=n,address=127.0.0.1:56636
Begin MonoManager ReloadAssembly
Registering precompiled unity dll's ...
Register platform support module: C:/Program Files/Unity/Hub/Editor/2020.3.11f1/Editor/Data/PlaybackEngines/WindowsStandaloneSupport/UnityEditor.WindowsStandalone.Extensions.dll
Registered in 0.003477 seconds.
Native extension for WindowsStandalone target not found
Refreshing native plugins compatible for Editor in 56.09 ms, found 3 plugins.
Preloading 0 native plugins for Editor in 0.00 ms.
Mono: successfully reloaded assembly
- Completed reload, in  1.541 seconds
Platform modules already initialized, skipping
Registering precompiled user dll's ...
Registered in 0.006631 seconds.
Begin MonoManager ReloadAssembly
Symbol file data-000002D47F3C0AA0 doesn't match image D:\school\y3_s3\game_cs427\CS427-GameDev\CS427_project2D\Library\ScriptAssemblies\Unity.2D.Animation.Editor.dll
Symbol file LoadedFromMemory is not a mono symbol file
Symbol file data-000002D47F12B030 doesn't match image D:\school\y3_s3\game_cs427\CS427-GameDev\CS427_project2D\Library\ScriptAssemblies\Unity.InternalAPIEngineBridge.001.dll
Symbol file LoadedFromMemory is not a mono symbol file
Symbol file data-000002D2A437B840 doesn't match image D:\school\y3_s3\game_cs427\CS427-GameDev\CS427_project2D\Library\ScriptAssemblies\Unity.VSCode.Editor.dll
Symbol file LoadedFromMemory is not a mono symbol file
Symbol file data-000002D2A4EF6030 doesn't match image D:\school\y3_s3\game_cs427\CS427-GameDev\CS427_project2D\Library\ScriptAssemblies\Unity.2D.PixelPerfect.dll
Symbol file LoadedFromMemory is not a mono symbol file
Symbol file data-000002D47F919010 doesn't match image D:\school\y3_s3\game_cs427\CS427-GameDev\CS427_project2D\Library\ScriptAssemblies\Unity.2D.Tilemap.Editor.dll
Symbol file LoadedFromMemory is not a mono symbol file
Symbol file data-000002D47F3ED6C0 doesn't match image D:\school\y3_s3\game_cs427\CS427-GameDev\CS427_project2D\Library\ScriptAssemblies\PsdPlugin.dll
Symbol file LoadedFromMemory is not a mono symbol file
Symbol file data-000002D47F92C220 doesn't match image D:\school\y3_s3\game_cs427\CS427-GameDev\CS427_project2D\Library\ScriptAssemblies\Unity.TextMeshPro.Editor.dll
Symbol file LoadedFromMemory is not a mono symbol file
Symbol file data-000002D2A4C76040 doesn't match image D:\school\y3_s3\game_cs427\CS427-GameDev\CS427_project2D\Library\ScriptAssemblies\Unity.VisualStudio.Editor.dll
Symbol file LoadedFromMemory is not a mono symbol file
Symbol file data-000002D2A4176230 doesn't match image D:\school\y3_s3\game_cs427\CS427-GameDev\CS427_project2D\Library\ScriptAssemblies\UnityEngine.TestRunner.dll
Symbol file LoadedFromMemory is not a mono symbol file
Symbol file data-000002D47F93F830 doesn't match image D:\school\y3_s3\game_cs427\CS427-GameDev\CS427_project2D\Library\ScriptAssemblies\Unity.Timeline.dll
Symbol file LoadedFromMemory is not a mono symbol file
Symbol file data-000002D2A3FFB020 doesn't match image D:\school\y3_s3\game_cs427\CS427-GameDev\CS427_project2D\Library\ScriptAssemblies\Unity.TextMeshPro.dll
Symbol file LoadedFromMemory is not a mono symbol file
Symbol file data-000002D2A4028A30 doesn't match image D:\school\y3_s3\game_cs427\CS427-GameDev\CS427_project2D\Library\ScriptAssemblies\UnityEditor.TestRunner.dll
Symbol file LoadedFromMemory is not a mono symbol file
Symbol file data-000002D47F103030 doesn't match image D:\school\y3_s3\game_cs427\CS427-GameDev\CS427_project2D\Library\ScriptAssemblies\Unity.2D.IK.Editor.dll
Symbol file LoadedFromMemory is not a mono symbol file
Symbol file data-000002D47F93F830 doesn't match image D:\school\y3_s3\game_cs427\CS427-GameDev\CS427_project2D\Library\ScriptAssemblies\Unity.2D.Sprite.Editor.dll
Symbol file LoadedFromMemory is not a mono symbol file
Symbol file data-000002D47F23E0D0 doesn't match image D:\school\y3_s3\game_cs427\CS427-GameDev\CS427_project2D\Library\ScriptAssemblies\Unity.2D.Psdimporter.Editor.dll
Symbol file LoadedFromMemory is not a mono symbol file
Symbol file data-000002D47F23E0D0 doesn't match image D:\school\y3_s3\game_cs427\CS427-GameDev\CS427_project2D\Library\ScriptAssemblies\Unity.2D.Path.Editor.dll
Symbol file LoadedFromMemory is not a mono symbol file
Symbol file data-000002D47F3B00F0 doesn't match image D:\school\y3_s3\game_cs427\CS427-GameDev\CS427_project2D\Library\ScriptAssemblies\Unity.InternalAPIEditorBridge.001.dll
Symbol file LoadedFromMemory is not a mono symbol file
Symbol file data-000002D47F23E0D0 doesn't match image D:\school\y3_s3\game_cs427\CS427-GameDev\CS427_project2D\Library\ScriptAssemblies\UnityEditor.UI.dll
Symbol file LoadedFromMemory is not a mono symbol file
Symbol file data-000002D2A3BD0020 doesn't match image D:\school\y3_s3\game_cs427\CS427-GameDev\CS427_project2D\Library\ScriptAssemblies\Unity.PlasticSCM.Editor.dll
Symbol file LoadedFromMemory is not a mono symbol file
Symbol file data-000002D2A3634620 doesn't match image D:\school\y3_s3\game_cs427\CS427-GameDev\CS427_project2D\Library\ScriptAssemblies\Unity.Rider.Editor.dll
Symbol file LoadedFromMemory is not a mono symbol file
Symbol file data-000002D2A3B28020 doesn't match image D:\school\y3_s3\game_cs427\CS427-GameDev\CS427_project2D\Library\ScriptAssemblies\UnityEngine.UI.dll
Symbol file LoadedFromMemory is not a mono symbol file
Symbol file data-000002D47F8B6020 doesn't match image D:\school\y3_s3\game_cs427\CS427-GameDev\CS427_project2D\Library\ScriptAssemblies\Unity.Mathematics.dll
Symbol file LoadedFromMemory is not a mono symbol file
Symbol file data-000002D2A417E240 doesn't match image D:\school\y3_s3\game_cs427\CS427-GameDev\CS427_project2D\Library\ScriptAssemblies\Unity.2D.IK.Runtime.dll
Symbol file LoadedFromMemory is not a mono symbol file
Symbol file data-000002D2A385E010 doesn't match image D:\school\y3_s3\game_cs427\CS427-GameDev\CS427_project2D\Library\ScriptAssemblies\Unity.2D.Animation.Triangle.Runtime.dll
Symbol file LoadedFromMemory is not a mono symbol file
Symbol file data-000002D2A3ABE040 doesn't match image D:\school\y3_s3\game_cs427\CS427-GameDev\CS427_project2D\Library\ScriptAssemblies\Unity.2D.Animation.Runtime.dll
Symbol file LoadedFromMemory is not a mono symbol file
Symbol file data-000002D47F105040 doesn't match image D:\school\y3_s3\game_cs427\CS427-GameDev\CS427_project2D\Library\ScriptAssemblies\Unity.2D.PixelPerfect.Editor.dll
Symbol file LoadedFromMemory is not a mono symbol file
Symbol file data-000002D2A385E010 doesn't match image D:\school\y3_s3\game_cs427\CS427-GameDev\CS427_project2D\Library\ScriptAssemblies\Unity.Timeline.Editor.dll
Symbol file LoadedFromMemory is not a mono symbol file
Symbol file data-000002D2A44BEC20 doesn't match image D:\school\y3_s3\game_cs427\CS427-GameDev\CS427_project2D\Library\ScriptAssemblies\Unity.CollabProxy.Editor.dll
Symbol file LoadedFromMemory is not a mono symbol file
Symbol file data-000002D47F357C40 doesn't match image D:\school\y3_s3\game_cs427\CS427-GameDev\CS427_project2D\Library\ScriptAssemblies\Unity.Mathematics.Editor.dll
Symbol file LoadedFromMemory is not a mono symbol file
Symbol file data-000002D47F066780 doesn't match image D:\school\y3_s3\game_cs427\CS427-GameDev\CS427_project2D\Library\ScriptAssemblies\Unity.2D.Common.Runtime.dll
Symbol file LoadedFromMemory is not a mono symbol file
Symbol file data-000002D47F23E0D0 doesn't match image D:\school\y3_s3\game_cs427\CS427-GameDev\CS427_project2D\Library\ScriptAssemblies\Unity.2D.SpriteShape.Editor.dll
Symbol file LoadedFromMemory is not a mono symbol file
Symbol file data-000002D2A4039E40 doesn't match image D:\school\y3_s3\game_cs427\CS427-GameDev\CS427_project2D\Library\ScriptAssemblies\Unity.2D.Common.Editor.dll
Symbol file LoadedFromMemory is not a mono symbol file
Symbol file data-000002D2A44BEC20 doesn't match image D:\school\y3_s3\game_cs427\CS427-GameDev\CS427_project2D\Library\ScriptAssemblies\Unity.2D.SpriteShape.Runtime.dll
Symbol file LoadedFromMemory is not a mono symbol file
Native extension for WindowsStandalone target not found
Refreshing native plugins compatible for Editor in 52.16 ms, found 3 plugins.
Preloading 0 native plugins for Editor in 0.00 ms.
Mono: successfully reloaded assembly
- Completed reload, in  1.517 seconds
Platform modules already initialized, skipping
========================================================================
Worker process is ready to serve import requests
Launched and connected shader compiler UnityShaderCompiler.exe after 0.05 seconds
Refreshing native plugins compatible for Editor in 0.50 ms, found 3 plugins.
Preloading 0 native plugins for Editor in 0.00 ms.
Unloading 2082 Unused Serialized files (Serialized files now loaded: 0)
System memory in use before: 92.9 MB.
System memory in use after: 92.9 MB.

Unloading 32 unused Assets to reduce memory usage. Loaded Objects now: 2516.
Total: 5.747300 ms (FindLiveObjects: 0.808500 ms CreateObjectMapping: 0.206900 ms MarkObjects: 4.546000 ms  DeleteObjects: 0.183900 ms)

========================================================================
Received Import Request.
  path: Assets/Script/CatPhysics.physicsMaterial2D
  artifactKey: Guid(f0b9ac91524785b42a9e354eb6a516eb) Importer(815301076,1909f56bfc062723c751e8b465ee728b)
Start importing Assets/Script/CatPhysics.physicsMaterial2D using Guid(f0b9ac91524785b42a9e354eb6a516eb) Importer(815301076,1909f56bfc062723c751e8b465ee728b)  -> (artifact id: '102a9dc63f745ced4efaee0275acccc0') in 0.098260 seconds
  Import took 0.103813 seconds .

========================================================================
Received Import Request.
  Time since last request: 0.000291 seconds.
  path: Assets/Sprite
  artifactKey: Guid(dedafece14947eb42a57bb7dafba13a5) Importer(815301076,1909f56bfc062723c751e8b465ee728b)
Start importing Assets/Sprite using Guid(dedafece14947eb42a57bb7dafba13a5) Importer(815301076,1909f56bfc062723c751e8b465ee728b)  -> (artifact id: 'b554a7ef25b398f6640e8083856135f0') in 0.011969 seconds
  Import took 0.017491 seconds .

========================================================================
Received Import Request.
  Time since last request: 0.000212 seconds.
  path: Assets/Sprite/JumpKing.png
  artifactKey: Guid(068f0cb00303dff47a13600256e4e67b) Importer(815301076,1909f56bfc062723c751e8b465ee728b)
Start importing Assets/Sprite/JumpKing.png using Guid(068f0cb00303dff47a13600256e4e67b) Importer(815301076,1909f56bfc062723c751e8b465ee728b)  -> (artifact id: '458fe5158bede1cd6f0186c9bbee809d') in 0.162875 seconds
  Import took 0.166951 seconds .

========================================================================
Received Import Request.
  Time since last request: 2.133088 seconds.
  path: Assets/Sprite/Magic-Cliffs-Environment
  artifactKey: Guid(3efa8f817d2eb5b439494cddf5f280c5) Importer(815301076,1909f56bfc062723c751e8b465ee728b)
Start importing Assets/Sprite/Magic-Cliffs-Environment using Guid(3efa8f817d2eb5b439494cddf5f280c5) Importer(815301076,1909f56bfc062723c751e8b465ee728b)  -> (artifact id: '721e415c9a2c0ab12791af13b145539a') in 0.009253 seconds
  Import took 0.013270 seconds .

========================================================================
Received Import Request.
  Time since last request: 1.333233 seconds.
  path: Assets/Sprite/bomberman
  artifactKey: Guid(f5c16086c1d6f4745ac410e3fa78956d) Importer(815301076,1909f56bfc062723c751e8b465ee728b)
Start importing Assets/Sprite/bomberman using Guid(f5c16086c1d6f4745ac410e3fa78956d) Importer(815301076,1909f56bfc062723c751e8b465ee728b)  -> (artifact id: '94ae688eca7cf7868faee703e0d1c746') in 0.008842 seconds
  Import took 0.012887 seconds .

========================================================================
Received Import Request.
  Time since last request: 4.222499 seconds.
  path: Assets/Sprite/Blue_witch
  artifactKey: Guid(b63211b8e3e482346a63072d4ec31de2) Importer(815301076,1909f56bfc062723c751e8b465ee728b)
Start importing Assets/Sprite/Blue_witch using Guid(b63211b8e3e482346a63072d4ec31de2) Importer(815301076,1909f56bfc062723c751e8b465ee728b)  -> (artifact id: '47d1d48365991e07adb316fb99ef4c35') in 0.010709 seconds
  Import took 0.015594 seconds .

